<?xml version="1.0" encoding="UTF-8"?>
<testng-results ignored="0" total="1" passed="1" failed="0" skipped="0">
  <reporter-output>
  </reporter-output>
  <suite started-at="2024-10-25T20:28:59 CDT" name="TestSuite" finished-at="2024-10-25T20:29:08 CDT" duration-ms="9039">
    <groups>
    </groups>
    <test started-at="2024-10-25T20:28:59 CDT" name="Test" finished-at="2024-10-25T20:29:08 CDT" duration-ms="9039">
      <class name="mytests.SampleTest">
        <test-method is-config="true" signature="setup()[pri:0, instance:mytests.SampleTest@34b7ac2f]" started-at="2024-10-25T20:28:59 CDT" name="setup" finished-at="2024-10-25T20:29:01 CDT" duration-ms="2745" status="PASS">
          <reporter-output>
          </reporter-output>
        </test-method> <!-- setup -->
        <test-method signature="test()[pri:0, instance:mytests.SampleTest@34b7ac2f]" started-at="2024-10-25T20:29:01 CDT" name="test" finished-at="2024-10-25T20:29:07 CDT" duration-ms="6092" status="PASS">
          <reporter-output>
          </reporter-output>
        </test-method> <!-- test -->
        <test-method is-config="true" signature="tearDown()[pri:0, instance:mytests.SampleTest@34b7ac2f]" started-at="2024-10-25T20:29:07 CDT" name="tearDown" finished-at="2024-10-25T20:29:08 CDT" duration-ms="186" status="PASS">
          <reporter-output>
          </reporter-output>
        </test-method> <!-- tearDown -->
      </class> <!-- mytests.SampleTest -->
    </test> <!-- Test -->
  </suite> <!-- TestSuite -->
</testng-results>
