<?xml version="1.0" encoding="UTF-8"?>
<testng-results ignored="0" total="1" passed="1" failed="0" skipped="0">
  <reporter-output>
  </reporter-output>
  <suite started-at="2024-10-16T17:01:54 CDT" name="SampleSuite" finished-at="2024-10-16T17:02:01 CDT" duration-ms="6914">
    <groups>
    </groups>
    <test started-at="2024-10-16T17:01:54 CDT" name="Login Page Test" finished-at="2024-10-16T17:02:01 CDT" duration-ms="6914">
      <class name="mytests.LoginPageTest">
        <test-method is-config="true" signature="setup()[pri:0, instance:mytests.LoginPageTest@470f1802]" started-at="2024-10-16T17:01:54 CDT" name="setup" finished-at="2024-10-16T17:01:55 CDT" duration-ms="1294" status="PASS">
          <reporter-output>
          </reporter-output>
        </test-method> <!-- setup -->
        <test-method signature="LogoTest()[pri:0, instance:mytests.LoginPageTest@470f1802]" started-at="2024-10-16T17:01:55 CDT" name="LogoTest" finished-at="2024-10-16T17:02:01 CDT" duration-ms="5456" status="PASS">
          <reporter-output>
          </reporter-output>
        </test-method> <!-- LogoTest -->
        <test-method is-config="true" signature="tearDown()[pri:0, instance:mytests.LoginPageTest@470f1802]" started-at="2024-10-16T17:02:01 CDT" name="tearDown" finished-at="2024-10-16T17:02:01 CDT" duration-ms="138" status="PASS">
          <reporter-output>
          </reporter-output>
        </test-method> <!-- tearDown -->
      </class> <!-- mytests.LoginPageTest -->
    </test> <!-- Login Page Test -->
  </suite> <!-- SampleSuite -->
</testng-results>
